<?xml version="1.0" encoding="UTF-8"?>
<!-- Generated by org.testng.reporters.JUnitXMLReporter -->
<testsuite ignored="0" hostname="DESKTOP-1GV7ETQ" failures="0" tests="4" name="Default test" time="41.854" errors="0" timestamp="2025-10-03T15:45:56 MSK">
  <testcase classname="automationteststorewebsite.MyTestCase" name="singUp" time="11.598"/>
  <testcase classname="automationteststorewebsite.MyTestCase" name="Logout" time="5.139"/>
  <testcase classname="automationteststorewebsite.MyTestCase" name="login" time="1.457"/>
  <testcase classname="automationteststorewebsite.MyTestCase" name="AddItemToTheCart" time="20.315"/>
</testsuite> <!-- Default test -->
