<?xml version="1.0" encoding="UTF-8"?>
<!-- Generated by org.testng.reporters.JUnitXMLReporter -->
<testsuite ignored="0" hostname="DESKTOP-1GV7ETQ" failures="0" tests="4" name="Default test" time="37.893" errors="0" timestamp="2025-10-02T17:32:35 MSK">
  <testcase classname="automationteststorewebsite.MyTestCase" name="singUp" time="11.352"/>
  <testcase classname="automationteststorewebsite.MyTestCase" name="Logout" time="5.027"/>
  <testcase classname="automationteststorewebsite.MyTestCase" name="login" time="0.926"/>
  <testcase classname="automationteststorewebsite.MyTestCase" name="AddItemToTheCart" time="18.664"/>
</testsuite> <!-- Default test -->
